```json
{
    "Color/Lightning Characteristics": [
        {
            "keyword": "Warm",
            "reason": "The scene is dominated by earthy tones and soft lighting, creating a cozy atmosphere.",
            "confidence": 0.9
        },
        {
            "keyword": "Muted",
            "reason": "Colors are subdued, with a focus on natural and soft hues, giving a calm and understated feel.",
            "confidence": 0.85
        },
        {
            "keyword": "Ambient",
            "reason": "Natural light from the surroundings softly illuminates the scene, enhancing the homely vibe.",
            "confidence": 0.8
        }
    ],
    "Cultural/Regional Elements": [
        {
            "keyword": "Traditional",
            "reason": "The setting reflects a traditional market or home kitchen, emphasizing everyday life and local customs.",
            "confidence": 0.9
        },
        {
            "keyword": "Vernacular",
            "reason": "The environment showcases everyday objects and a practical setup, typical of local vernacular architecture.",
            "confidence": 0.85
        }
    ]
}
```
